2025-08-03 19:50:11 0 [Warning] WSREP: Failed to guess base node address. Set it explicitly via wsrep_node_address.
2025-08-03 19:50:11 0 [Warning] WSREP: Failed to guess base node address. Set it explicitly via wsrep_node_address.
2025-08-03 19:50:11 0 [Warning] WSREP: Guessing address for incoming client connections failed. Try setting wsrep_node_incoming_address explicitly.
2025-08-03 19:50:13 0 [Note] Starting MariaDB 10.11.11-MariaDB source revision e69f8cae1a15e15b9e4f5e0f8497e1f17bdc81a4 server_uid unknown as process 3652
2025-08-03 19:50:13 0 [Warning] WSREP: Failed to guess base node address. Set it explicitly via wsrep_node_address.
2025-08-03 19:50:13 0 [Warning] WSREP: Failed to guess base node address. Set it explicitly via wsrep_node_address.
2025-08-03 19:50:13 0 [Warning] WSREP: Guessing address for incoming client connections failed. Try setting wsrep_node_incoming_address explicitly.
2025-08-03 19:50:13 0 [Note] WSREP: Node addr: 
2025-08-03 19:50:13 0 [Warning] option 'innodb-log-buffer-size': unsigned value 1048576 adjusted to 2097152
2025-08-03 19:50:13 0 [Note] InnoDB: Compressed tables use zlib 1.3.1.zlib-ng
2025-08-03 19:50:13 0 [Note] InnoDB: Number of transaction pools: 1
2025-08-03 19:50:13 0 [Note] InnoDB: Using crc32 + pclmulqdq instructions
2025-08-03 19:50:13 0 [Note] InnoDB: Using Linux native AIO
2025-08-03 19:50:13 0 [Note] InnoDB: Initializing buffer pool, total size = 128.000MiB, chunk size = 2.000MiB
2025-08-03 19:50:13 0 [Note] InnoDB: Initialized memory pressure event listener
2025-08-03 19:50:13 0 [Note] InnoDB: Completed initialization of buffer pool
2025-08-03 19:50:13 0 [Note] InnoDB: Buffered log writes (block size=512 bytes)
2025-08-03 19:50:13 0 [Note] InnoDB: End of log at LSN=46980
2025-08-03 19:50:13 0 [Note] InnoDB: 128 rollback segments are active.
2025-08-03 19:50:13 0 [Note] InnoDB: Setting file './ibtmp1' size to 12.000MiB. Physically writing the file full; Please wait ...
2025-08-03 19:50:13 0 [Note] InnoDB: File './ibtmp1' size is now 12.000MiB.
2025-08-03 19:50:13 0 [Note] InnoDB: log sequence number 46980; transaction id 14
2025-08-03 19:50:13 0 [Note] Plugin 'FEEDBACK' is disabled.
2025-08-03 19:50:13 0 [Note] InnoDB: Loading buffer pool(s) from /home/pinedev/.local/share/akonadi/db_data/ib_buffer_pool
2025-08-03 19:50:13 0 [Note] InnoDB: Buffer pool(s) load completed at 250803 19:50:13
2025-08-03 19:50:13 0 [Note] /usr/libexec/mysqld: ready for connections.
Version: '10.11.11-MariaDB'  socket: '/run/user/1000/akonadi/mysql.socket'  port: 0  MariaDB Server
